<?xml version="1.0" encoding="UTF-8"?>
<testng-results ignored="0" total="3" passed="3" failed="0" skipped="0">
  <reporter-output>
  </reporter-output>
  <suite started-at="2024-08-08T17:38:15 IST" name="Default suite" finished-at="2024-08-08T17:38:18 IST" duration-ms="2671">
    <groups>
    </groups>
    <test started-at="2024-08-08T17:38:15 IST" name="Default test" finished-at="2024-08-08T17:38:18 IST" duration-ms="2671">
      <class name="File.DynamicJson">
        <test-method signature="addbook(java.lang.String,java.lang.String)[pri:0, instance:File.DynamicJson@47d9a273]" started-at="2024-08-08T17:38:15 IST" name="addbook" data-provider="BooksData" finished-at="2024-08-08T17:38:17 IST" duration-ms="2257" status="PASS">
          <params>
            <param index="0">
              <value>
                <![CDATA[test1]]>
              </value>
            </param>
            <param index="1">
              <value>
                <![CDATA[1111]]>
              </value>
            </param>
          </params>
          <reporter-output>
          </reporter-output>
        </test-method> <!-- addbook -->
        <test-method signature="addbook(java.lang.String,java.lang.String)[pri:0, instance:File.DynamicJson@47d9a273]" started-at="2024-08-08T17:38:18 IST" name="addbook" data-provider="BooksData" finished-at="2024-08-08T17:38:18 IST" duration-ms="189" status="PASS">
          <params>
            <param index="0">
              <value>
                <![CDATA[test2]]>
              </value>
            </param>
            <param index="1">
              <value>
                <![CDATA[2222]]>
              </value>
            </param>
          </params>
          <reporter-output>
          </reporter-output>
        </test-method> <!-- addbook -->
        <test-method signature="addbook(java.lang.String,java.lang.String)[pri:0, instance:File.DynamicJson@47d9a273]" started-at="2024-08-08T17:38:18 IST" name="addbook" data-provider="BooksData" finished-at="2024-08-08T17:38:18 IST" duration-ms="165" status="PASS">
          <params>
            <param index="0">
              <value>
                <![CDATA[test3]]>
              </value>
            </param>
            <param index="1">
              <value>
                <![CDATA[3333]]>
              </value>
            </param>
          </params>
          <reporter-output>
          </reporter-output>
        </test-method> <!-- addbook -->
      </class> <!-- File.DynamicJson -->
    </test> <!-- Default test -->
  </suite> <!-- Default suite -->
</testng-results>
