<?xml version="1.0" encoding="UTF-8"?>
<!-- Generated by org.testng.reporters.JUnitXMLReporter -->
<testsuite ignored="0" hostname="WKWZTX6qjatfYbF" failures="0" tests="3" name="Default test" time="2.671" errors="0" timestamp="2024-08-08T17:38:18 IST">
  <testcase classname="File.DynamicJson" name="addbook" time="2.257"/>
  <testcase classname="File.DynamicJson" name="addbook" time="0.189"/>
  <testcase classname="File.DynamicJson" name="addbook" time="0.165"/>
</testsuite> <!-- Default test -->
